# JRE version: OpenJDK Runtime Environment (8.0_152) (build 1.8.0_152-release-1343-b16-5323222)
# Java VM: OpenJDK 64-Bit Server VM (25.152-b16-5323222 mixed mode linux-amd64 compressed oops)
Heap:
 PSYoungGen      total 1119232K, used 0K [0x000000076b300000, 0x00000007ba080000, 0x00000007c0000000)
  eden space 941056K, 0% used [0x000000076b300000,0x000000076b300000,0x00000007a4a00000)
  from space 178176K, 0% used [0x00000007aee00000,0x00000007aee00000,0x00000007b9c00000)
  to   space 167936K, 0% used [0x00000007a4a00000,0x00000007a4a00000,0x00000007aee00000)
 ParOldGen       total 422400K, used 331749K [0x00000006c1800000, 0x00000006db480000, 0x000000076b300000)
  object space 422400K, 78% used [0x00000006c1800000,0x00000006d5bf94f0,0x00000006db480000)
 Metaspace       used 98050K, capacity 101120K, committed 101248K, reserved 1138688K
  class space    used 11645K, capacity 12349K, committed 12416K, reserved 1048576K
GC Heap History (10 events):
Event: 683.098 GC heap after
Heap after GC invocations=31 (full 6):
 PSYoungGen      total 844288K, used 20007K [0x000000076b300000, 0x00000007b1900000, 0x00000007c0000000)
  eden space 674816K, 0% used [0x000000076b300000,0x000000076b300000,0x0000000794600000)
  from space 169472K, 11% used [0x0000000794600000,0x0000000795989c98,0x000000079eb80000)
  to   space 164864K, 0% used [0x00000007a7800000,0x00000007a7800000,0x00000007b1900000)
 ParOldGen       total 235008K, used 194440K [0x00000006c1800000, 0x00000006cfd80000, 0x000000076b300000)
  object space 235008K, 82% used [0x00000006c1800000,0x00000006cd5e2070,0x00000006cfd80000)
 Metaspace       used 91527K, capacity 94368K, committed 94592K, reserved 1132544K
  class space    used 10916K, capacity 11607K, committed 11648K, reserved 1048576K
}
Event: 683.098 GC heap before
{Heap before GC invocations=32 (full 7):
 PSYoungGen      total 844288K, used 20007K [0x000000076b300000, 0x00000007b1900000, 0x00000007c0000000)
  eden space 674816K, 0% used [0x000000076b300000,0x000000076b300000,0x0000000794600000)
  from space 169472K, 11% used [0x0000000794600000,0x0000000795989c98,0x000000079eb80000)
  to   space 164864K, 0% used [0x00000007a7800000,0x00000007a7800000,0x00000007b1900000)
 ParOldGen       total 235008K, used 194440K [0x00000006c1800000, 0x00000006cfd80000, 0x000000076b300000)
  object space 235008K, 82% used [0x00000006c1800000,0x00000006cd5e2070,0x00000006cfd80000)
 Metaspace       used 91527K, capacity 94368K, committed 94592K, reserved 1132544K
  class space    used 10916K, capacity 11607K, committed 11648K, reserved 1048576K
Event: 684.170 GC heap after
Heap after GC invocations=32 (full 7):
 PSYoungGen      total 844288K, used 0K [0x000000076b300000, 0x00000007b1900000, 0x00000007c0000000)
  eden space 674816K, 0% used [0x000000076b300000,0x000000076b300000,0x0000000794600000)
  from space 169472K, 0% used [0x0000000794600000,0x0000000794600000,0x000000079eb80000)
  to   space 164864K, 0% used [0x00000007a7800000,0x00000007a7800000,0x00000007b1900000)
 ParOldGen       total 422400K, used 181855K [0x00000006c1800000, 0x00000006db480000, 0x000000076b300000)
  object space 422400K, 43% used [0x00000006c1800000,0x00000006cc997fc8,0x00000006db480000)
 Metaspace       used 91527K, capacity 94368K, committed 94592K, reserved 1132544K
  class space    used 10916K, capacity 11607K, committed 11648K, reserved 1048576K
}
Event: 689.896 GC heap before
{Heap before GC invocations=33 (full 7):
 PSYoungGen      total 844288K, used 674816K [0x000000076b300000, 0x00000007b1900000, 0x00000007c0000000)
  eden space 674816K, 100% used [0x000000076b300000,0x0000000794600000,0x0000000794600000)
  from space 169472K, 0% used [0x0000000794600000,0x0000000794600000,0x000000079eb80000)
  to   space 164864K, 0% used [0x00000007a7800000,0x00000007a7800000,0x00000007b1900000)
 ParOldGen       total 422400K, used 181855K [0x00000006c1800000, 0x00000006db480000, 0x000000076b300000)
  object space 422400K, 43% used [0x00000006c1800000,0x00000006cc997fc8,0x00000006db480000)
 Metaspace       used 97944K, capacity 101056K, committed 101248K, reserved 1138688K
  class space    used 11632K, capacity 12349K, committed 12416K, reserved 1048576K
Event: 689.926 GC heap after
Heap after GC invocations=33 (full 7):
 PSYoungGen      total 908288K, used 9263K [0x000000076b300000, 0x00000007aee80000, 0x00000007c0000000)
  eden space 786944K, 0% used [0x000000076b300000,0x000000076b300000,0x000000079b380000)
  from space 121344K, 7% used [0x00000007a7800000,0x00000007a810be48,0x00000007aee80000)
  to   space 161280K, 0% used [0x000000079b380000,0x000000079b380000,0x00000007a5100000)
 ParOldGen       total 422400K, used 181863K [0x00000006c1800000, 0x00000006db480000, 0x000000076b300000)
  object space 422400K, 43% used [0x00000006c1800000,0x00000006cc999fc8,0x00000006db480000)
 Metaspace       used 97944K, capacity 101056K, committed 101248K, reserved 1138688K
  class space    used 11632K, capacity 12349K, committed 12416K, reserved 1048576K
}
Event: 692.322 GC heap before
{Heap before GC invocations=34 (full 7):
 PSYoungGen      total 908288K, used 796207K [0x000000076b300000, 0x00000007aee80000, 0x00000007c0000000)
  eden space 786944K, 100% used [0x000000076b300000,0x000000079b380000,0x000000079b380000)
  from space 121344K, 7% used [0x00000007a7800000,0x00000007a810be48,0x00000007aee80000)
  to   space 161280K, 0% used [0x000000079b380000,0x000000079b380000,0x00000007a5100000)
 ParOldGen       total 422400K, used 181863K [0x00000006c1800000, 0x00000006db480000, 0x000000076b300000)
  object space 422400K, 43% used [0x00000006c1800000,0x00000006cc999fc8,0x00000006db480000)
 Metaspace       used 98047K, capacity 101120K, committed 101248K, reserved 1138688K
  class space    used 11645K, capacity 12349K, committed 12416K, reserved 1048576K
Event: 692.547 GC heap after
Heap after GC invocations=34 (full 7):
 PSYoungGen      total 948224K, used 125303K [0x000000076b300000, 0x00000007b9c00000, 0x00000007c0000000)
  eden space 786944K, 0% used [0x000000076b300000,0x000000076b300000,0x000000079b380000)
  from space 161280K, 77% used [0x000000079b380000,0x00000007a2dddf48,0x00000007a5100000)
  to   space 178176K, 0% used [0x00000007aee00000,0x00000007aee00000,0x00000007b9c00000)
 ParOldGen       total 422400K, used 185468K [0x00000006c1800000, 0x00000006db480000, 0x000000076b300000)
  object space 422400K, 43% used [0x00000006c1800000,0x00000006ccd1f1d8,0x00000006db480000)
 Metaspace       used 98047K, capacity 101120K, committed 101248K, reserved 1138688K
  class space    used 11645K, capacity 12349K, committed 12416K, reserved 1048576K
}
Event: 694.158 GC heap before
{Heap before GC invocations=35 (full 7):
 PSYoungGen      total 948224K, used 912247K [0x000000076b300000, 0x00000007b9c00000, 0x00000007c0000000)
  eden space 786944K, 100% used [0x000000076b300000,0x000000079b380000,0x000000079b380000)
  from space 161280K, 77% used [0x000000079b380000,0x00000007a2dddf48,0x00000007a5100000)
  to   space 178176K, 0% used [0x00000007aee00000,0x00000007aee00000,0x00000007b9c00000)
 ParOldGen       total 422400K, used 185468K [0x00000006c1800000, 0x00000006db480000, 0x000000076b300000)
  object space 422400K, 43% used [0x00000006c1800000,0x00000006ccd1f1d8,0x00000006db480000)
 Metaspace       used 98050K, capacity 101120K, committed 101248K, reserved 1138688K
  class space    used 11645K, capacity 12349K, committed 12416K, reserved 1048576K
Event: 694.512 GC heap after
Heap after GC invocations=35 (full 7):
 PSYoungGen      total 1119232K, used 61448K [0x000000076b300000, 0x00000007ba080000, 0x00000007c0000000)
  eden space 941056K, 0% used [0x000000076b300000,0x000000076b300000,0x00000007a4a00000)
  from space 178176K, 34% used [0x00000007aee00000,0x00000007b2a02398,0x00000007b9c00000)
  to   space 167936K, 0% used [0x00000007a4a00000,0x00000007a4a00000,0x00000007aee00000)
 ParOldGen       total 422400K, used 304632K [0x00000006c1800000, 0x00000006db480000, 0x000000076b300000)
  object space 422400K, 72% used [0x00000006c1800000,0x00000006d417e280,0x00000006db480000)
 Metaspace       used 98050K, capacity 101120K, committed 101248K, reserved 1138688K
  class space    used 11645K, capacity 12349K, committed 12416K, reserved 1048576K
}
Event: 694.512 GC heap before
{Heap before GC invocations=36 (full 8):
 PSYoungGen      total 1119232K, used 61448K [0x000000076b300000, 0x00000007ba080000, 0x00000007c0000000)
  eden space 941056K, 0% used [0x000000076b300000,0x000000076b300000,0x00000007a4a00000)
  from space 178176K, 34% used [0x00000007aee00000,0x00000007b2a02398,0x00000007b9c00000)
  to   space 167936K, 0% used [0x00000007a4a00000,0x00000007a4a00000,0x00000007aee00000)
 ParOldGen       total 422400K, used 304632K [0x00000006c1800000, 0x00000006db480000, 0x000000076b300000)
  object space 422400K, 72% used [0x00000006c1800000,0x00000006d417e280,0x00000006db480000)
 Metaspace       used 98050K, capacity 101120K, committed 101248K, reserved 1138688K
  class space    used 11645K, capacity 12349K, committed 12416K, reserved 1048576K

