# JRE version: OpenJDK Runtime Environment (8.0_152) (build 1.8.0_152-release-1343-b16-5323222)
# Java VM: OpenJDK 64-Bit Server VM (25.152-b16-5323222 mixed mode linux-amd64 compressed oops)
Heap:
 PSYoungGen      total 1193472K, used 0K [0x000000076b300000, 0x00000007c0000000, 0x00000007c0000000)
  eden space 1072640K, 0% used [0x000000076b300000,0x000000076b300000,0x00000007aca80000)
  from space 120832K, 0% used [0x00000007aca80000,0x00000007aca80000,0x00000007b4080000)
  to   space 168448K, 0% used [0x00000007b5b80000,0x00000007b5b80000,0x00000007c0000000)
 ParOldGen       total 372736K, used 353090K [0x00000006c1800000, 0x00000006d8400000, 0x000000076b300000)
  object space 372736K, 94% used [0x00000006c1800000,0x00000006d70d0970,0x00000006d8400000)
 Metaspace       used 140043K, capacity 145030K, committed 145200K, reserved 1177600K
  class space    used 16489K, capacity 17622K, committed 17712K, reserved 1048576K
GC Heap History (10 events):
Event: 650.408 GC heap after
Heap after GC invocations=61 (full 9):
 PSYoungGen      total 1092096K, used 27643K [0x000000076b300000, 0x00000007b7100000, 0x00000007c0000000)
  eden space 968704K, 0% used [0x000000076b300000,0x000000076b300000,0x00000007a6500000)
  from space 123392K, 22% used [0x00000007af880000,0x00000007b137ec30,0x00000007b7100000)
  to   space 137216K, 0% used [0x00000007a6500000,0x00000007a6500000,0x00000007aeb00000)
 ParOldGen       total 477184K, used 376077K [0x00000006c1800000, 0x00000006dea00000, 0x000000076b300000)
  object space 477184K, 78% used [0x00000006c1800000,0x00000006d8743590,0x00000006dea00000)
 Metaspace       used 124466K, capacity 128876K, committed 129072K, reserved 1163264K
  class space    used 14562K, capacity 15597K, committed 15664K, reserved 1048576K
}
Event: 650.418 GC heap before
{Heap before GC invocations=62 (full 10):
 PSYoungGen      total 1092096K, used 27643K [0x000000076b300000, 0x00000007b7100000, 0x00000007c0000000)
  eden space 968704K, 0% used [0x000000076b300000,0x000000076b300000,0x00000007a6500000)
  from space 123392K, 22% used [0x00000007af880000,0x00000007b137ec30,0x00000007b7100000)
  to   space 137216K, 0% used [0x00000007a6500000,0x00000007a6500000,0x00000007aeb00000)
 ParOldGen       total 477184K, used 376077K [0x00000006c1800000, 0x00000006dea00000, 0x000000076b300000)
  object space 477184K, 78% used [0x00000006c1800000,0x00000006d8743590,0x00000006dea00000)
 Metaspace       used 124466K, capacity 128876K, committed 129072K, reserved 1163264K
  class space    used 14562K, capacity 15597K, committed 15664K, reserved 1048576K
Event: 650.974 GC heap after
Heap after GC invocations=62 (full 10):
 PSYoungGen      total 1092096K, used 0K [0x000000076b300000, 0x00000007b7100000, 0x00000007c0000000)
  eden space 968704K, 0% used [0x000000076b300000,0x000000076b300000,0x00000007a6500000)
  from space 123392K, 0% used [0x00000007af880000,0x00000007af880000,0x00000007b7100000)
  to   space 137216K, 0% used [0x00000007a6500000,0x00000007a6500000,0x00000007aeb00000)
 ParOldGen       total 372736K, used 73697K [0x00000006c1800000, 0x00000006d8400000, 0x000000076b300000)
  object space 372736K, 19% used [0x00000006c1800000,0x00000006c5ff86d0,0x00000006d8400000)
 Metaspace       used 124466K, capacity 128876K, committed 129072K, reserved 1163264K
  class space    used 14562K, capacity 15597K, committed 15664K, reserved 1048576K
}
Event: 658.795 GC heap before
{Heap before GC invocations=63 (full 10):
 PSYoungGen      total 1092096K, used 968704K [0x000000076b300000, 0x00000007b7100000, 0x00000007c0000000)
  eden space 968704K, 100% used [0x000000076b300000,0x00000007a6500000,0x00000007a6500000)
  from space 123392K, 0% used [0x00000007af880000,0x00000007af880000,0x00000007b7100000)
  to   space 137216K, 0% used [0x00000007a6500000,0x00000007a6500000,0x00000007aeb00000)
 ParOldGen       total 372736K, used 73697K [0x00000006c1800000, 0x00000006d8400000, 0x000000076b300000)
  object space 372736K, 19% used [0x00000006c1800000,0x00000006c5ff86d0,0x00000006d8400000)
 Metaspace       used 127468K, capacity 131912K, committed 132016K, reserved 1165312K
  class space    used 14924K, capacity 15983K, committed 16048K, reserved 1048576K
Event: 659.064 GC heap after
Heap after GC invocations=63 (full 10):
 PSYoungGen      total 1105920K, used 136744K [0x000000076b300000, 0x00000007c0000000, 0x00000007c0000000)
  eden space 968704K, 0% used [0x000000076b300000,0x000000076b300000,0x00000007a6500000)
  from space 137216K, 99% used [0x00000007a6500000,0x00000007aea8a3d0,0x00000007aeb00000)
  to   space 159744K, 0% used [0x00000007b6400000,0x00000007b6400000,0x00000007c0000000)
 ParOldGen       total 372736K, used 73697K [0x00000006c1800000, 0x00000006d8400000, 0x000000076b300000)
  object space 372736K, 19% used [0x00000006c1800000,0x00000006c5ff86d0,0x00000006d8400000)
 Metaspace       used 127468K, capacity 131912K, committed 132016K, reserved 1165312K
  class space    used 14924K, capacity 15983K, committed 16048K, reserved 1048576K
}
Event: 671.561 GC heap before
{Heap before GC invocations=64 (full 10):
 PSYoungGen      total 1105920K, used 1105448K [0x000000076b300000, 0x00000007c0000000, 0x00000007c0000000)
  eden space 968704K, 100% used [0x000000076b300000,0x00000007a6500000,0x00000007a6500000)
  from space 137216K, 99% used [0x00000007a6500000,0x00000007aea8a3d0,0x00000007aeb00000)
  to   space 159744K, 0% used [0x00000007b6400000,0x00000007b6400000,0x00000007c0000000)
 ParOldGen       total 372736K, used 73697K [0x00000006c1800000, 0x00000006d8400000, 0x000000076b300000)
  object space 372736K, 19% used [0x00000006c1800000,0x00000006c5ff86d0,0x00000006d8400000)
 Metaspace       used 140027K, capacity 144966K, committed 145200K, reserved 1177600K
  class space    used 16488K, capacity 17622K, committed 17712K, reserved 1048576K
Event: 671.890 GC heap after
Heap after GC invocations=64 (full 10):
 PSYoungGen      total 1232384K, used 81800K [0x000000076b300000, 0x00000007c0000000, 0x00000007c0000000)
  eden space 1072640K, 0% used [0x000000076b300000,0x000000076b300000,0x00000007aca80000)
  from space 159744K, 51% used [0x00000007b6400000,0x00000007bb3e2248,0x00000007c0000000)
  to   space 157184K, 0% used [0x00000007aca80000,0x00000007aca80000,0x00000007b6400000)
 ParOldGen       total 372736K, used 202569K [0x00000006c1800000, 0x00000006d8400000, 0x000000076b300000)
  object space 372736K, 54% used [0x00000006c1800000,0x00000006cddd26d8,0x00000006d8400000)
 Metaspace       used 140027K, capacity 144966K, committed 145200K, reserved 1177600K
  class space    used 16488K, capacity 17622K, committed 17712K, reserved 1048576K
}
Event: 674.971 GC heap before
{Heap before GC invocations=65 (full 10):
 PSYoungGen      total 1232384K, used 1154440K [0x000000076b300000, 0x00000007c0000000, 0x00000007c0000000)
  eden space 1072640K, 100% used [0x000000076b300000,0x00000007aca80000,0x00000007aca80000)
  from space 159744K, 51% used [0x00000007b6400000,0x00000007bb3e2248,0x00000007c0000000)
  to   space 157184K, 0% used [0x00000007aca80000,0x00000007aca80000,0x00000007b6400000)
 ParOldGen       total 372736K, used 202569K [0x00000006c1800000, 0x00000006d8400000, 0x000000076b300000)
  object space 372736K, 54% used [0x00000006c1800000,0x00000006cddd26d8,0x00000006d8400000)
 Metaspace       used 140043K, capacity 145030K, committed 145200K, reserved 1177600K
  class space    used 16489K, capacity 17622K, committed 17712K, reserved 1048576K
Event: 675.229 GC heap after
Heap after GC invocations=65 (full 10):
 PSYoungGen      total 1193472K, used 120727K [0x000000076b300000, 0x00000007c0000000, 0x00000007c0000000)
  eden space 1072640K, 0% used [0x000000076b300000,0x000000076b300000,0x00000007aca80000)
  from space 120832K, 99% used [0x00000007aca80000,0x00000007b4065ee0,0x00000007b4080000)
  to   space 168448K, 0% used [0x00000007b5b80000,0x00000007b5b80000,0x00000007c0000000)
 ParOldGen       total 372736K, used 267421K [0x00000006c1800000, 0x00000006d8400000, 0x000000076b300000)
  object space 372736K, 71% used [0x00000006c1800000,0x00000006d1d27630,0x00000006d8400000)
 Metaspace       used 140043K, capacity 145030K, committed 145200K, reserved 1177600K
  class space    used 16489K, capacity 17622K, committed 17712K, reserved 1048576K
}
Event: 675.229 GC heap before
{Heap before GC invocations=66 (full 11):
 PSYoungGen      total 1193472K, used 120727K [0x000000076b300000, 0x00000007c0000000, 0x00000007c0000000)
  eden space 1072640K, 0% used [0x000000076b300000,0x000000076b300000,0x00000007aca80000)
  from space 120832K, 99% used [0x00000007aca80000,0x00000007b4065ee0,0x00000007b4080000)
  to   space 168448K, 0% used [0x00000007b5b80000,0x00000007b5b80000,0x00000007c0000000)
 ParOldGen       total 372736K, used 267421K [0x00000006c1800000, 0x00000006d8400000, 0x000000076b300000)
  object space 372736K, 71% used [0x00000006c1800000,0x00000006d1d27630,0x00000006d8400000)
 Metaspace       used 140043K, capacity 145030K, committed 145200K, reserved 1177600K
  class space    used 16489K, capacity 17622K, committed 17712K, reserved 1048576K

