# JRE version: OpenJDK Runtime Environment (8.0_152) (build 1.8.0_152-release-1343-b16-5323222)
# Java VM: OpenJDK 64-Bit Server VM (25.152-b16-5323222 mixed mode linux-amd64 compressed oops)
Heap:
 PSYoungGen      total 1096192K, used 0K [0x000000076b300000, 0x00000007bf080000, 0x00000007c0000000)
  eden space 834048K, 0% used [0x000000076b300000,0x000000076b300000,0x000000079e180000)
  from space 262144K, 0% used [0x00000007af080000,0x00000007af080000,0x00000007bf080000)
  to   space 269824K, 0% used [0x000000079e180000,0x000000079e180000,0x00000007ae900000)
 ParOldGen       total 329728K, used 265585K [0x00000006c1800000, 0x00000006d5a00000, 0x000000076b300000)
  object space 329728K, 80% used [0x00000006c1800000,0x00000006d1b5c488,0x00000006d5a00000)
 Metaspace       used 123532K, capacity 127569K, committed 127664K, reserved 1161216K
  class space    used 14368K, capacity 15206K, committed 15280K, reserved 1048576K
GC Heap History (10 events):
Event: 346.742 GC heap after
Heap after GC invocations=39 (full 6):
 PSYoungGen      total 976896K, used 188379K [0x000000076b300000, 0x00000007bf900000, 0x00000007c0000000)
  eden space 696320K, 0% used [0x000000076b300000,0x000000076b300000,0x0000000795b00000)
  from space 280576K, 67% used [0x0000000795b00000,0x00000007a12f6ff8,0x00000007a6d00000)
  to   space 292864K, 0% used [0x00000007adb00000,0x00000007adb00000,0x00000007bf900000)
 ParOldGen       total 511488K, used 456261K [0x00000006c1800000, 0x00000006e0b80000, 0x000000076b300000)
  object space 511488K, 89% used [0x00000006c1800000,0x00000006dd5914d8,0x00000006e0b80000)
 Metaspace       used 105984K, capacity 109175K, committed 109232K, reserved 1144832K
  class space    used 12249K, capacity 12921K, committed 12976K, reserved 1048576K
}
Event: 346.742 GC heap before
{Heap before GC invocations=40 (full 7):
 PSYoungGen      total 976896K, used 188379K [0x000000076b300000, 0x00000007bf900000, 0x00000007c0000000)
  eden space 696320K, 0% used [0x000000076b300000,0x000000076b300000,0x0000000795b00000)
  from space 280576K, 67% used [0x0000000795b00000,0x00000007a12f6ff8,0x00000007a6d00000)
  to   space 292864K, 0% used [0x00000007adb00000,0x00000007adb00000,0x00000007bf900000)
 ParOldGen       total 511488K, used 456261K [0x00000006c1800000, 0x00000006e0b80000, 0x000000076b300000)
  object space 511488K, 89% used [0x00000006c1800000,0x00000006dd5914d8,0x00000006e0b80000)
 Metaspace       used 105984K, capacity 109175K, committed 109232K, reserved 1144832K
  class space    used 12249K, capacity 12921K, committed 12976K, reserved 1048576K
Event: 347.303 GC heap after
Heap after GC invocations=40 (full 7):
 PSYoungGen      total 976896K, used 0K [0x000000076b300000, 0x00000007bf900000, 0x00000007c0000000)
  eden space 696320K, 0% used [0x000000076b300000,0x000000076b300000,0x0000000795b00000)
  from space 280576K, 0% used [0x0000000795b00000,0x0000000795b00000,0x00000007a6d00000)
  to   space 292864K, 0% used [0x00000007adb00000,0x00000007adb00000,0x00000007bf900000)
 ParOldGen       total 329728K, used 56461K [0x00000006c1800000, 0x00000006d5a00000, 0x000000076b300000)
  object space 329728K, 17% used [0x00000006c1800000,0x00000006c4f23408,0x00000006d5a00000)
 Metaspace       used 105984K, capacity 109175K, committed 109232K, reserved 1144832K
  class space    used 12249K, capacity 12921K, committed 12976K, reserved 1048576K
}
Event: 1190.602 GC heap before
{Heap before GC invocations=41 (full 7):
 PSYoungGen      total 976896K, used 696320K [0x000000076b300000, 0x00000007bf900000, 0x00000007c0000000)
  eden space 696320K, 100% used [0x000000076b300000,0x0000000795b00000,0x0000000795b00000)
  from space 280576K, 0% used [0x0000000795b00000,0x0000000795b00000,0x00000007a6d00000)
  to   space 292864K, 0% used [0x00000007adb00000,0x00000007adb00000,0x00000007bf900000)
 ParOldGen       total 329728K, used 56461K [0x00000006c1800000, 0x00000006d5a00000, 0x000000076b300000)
  object space 329728K, 17% used [0x00000006c1800000,0x00000006c4f23408,0x00000006d5a00000)
 Metaspace       used 108439K, capacity 111887K, committed 112176K, reserved 1148928K
  class space    used 12487K, capacity 13253K, committed 13360K, reserved 1048576K
Event: 1190.762 GC heap after
Heap after GC invocations=41 (full 7):
 PSYoungGen      total 1057792K, used 102870K [0x000000076b300000, 0x00000007bda80000, 0x00000007c0000000)
  eden space 796160K, 0% used [0x000000076b300000,0x000000076b300000,0x000000079bc80000)
  from space 261632K, 39% used [0x00000007adb00000,0x00000007b3f75b38,0x00000007bda80000)
  to   space 277504K, 0% used [0x000000079bc80000,0x000000079bc80000,0x00000007acb80000)
 ParOldGen       total 329728K, used 56469K [0x00000006c1800000, 0x00000006d5a00000, 0x000000076b300000)
  object space 329728K, 17% used [0x00000006c1800000,0x00000006c4f25408,0x00000006d5a00000)
 Metaspace       used 108439K, capacity 111887K, committed 112176K, reserved 1148928K
  class space    used 12487K, capacity 13253K, committed 13360K, reserved 1048576K
}
Event: 1196.794 GC heap before
{Heap before GC invocations=42 (full 7):
 PSYoungGen      total 1057792K, used 899030K [0x000000076b300000, 0x00000007bda80000, 0x00000007c0000000)
  eden space 796160K, 100% used [0x000000076b300000,0x000000079bc80000,0x000000079bc80000)
  from space 261632K, 39% used [0x00000007adb00000,0x00000007b3f75b38,0x00000007bda80000)
  to   space 277504K, 0% used [0x000000079bc80000,0x000000079bc80000,0x00000007acb80000)
 ParOldGen       total 329728K, used 56469K [0x00000006c1800000, 0x00000006d5a00000, 0x000000076b300000)
  object space 329728K, 17% used [0x00000006c1800000,0x00000006c4f25408,0x00000006d5a00000)
 Metaspace       used 117700K, capacity 121493K, committed 121648K, reserved 1157120K
  class space    used 13714K, capacity 14526K, committed 14640K, reserved 1048576K
Event: 1197.000 GC heap after
Heap after GC invocations=42 (full 7):
 PSYoungGen      total 1073664K, used 160761K [0x000000076b300000, 0x00000007c0000000, 0x00000007c0000000)
  eden space 796160K, 0% used [0x000000076b300000,0x000000076b300000,0x000000079bc80000)
  from space 277504K, 57% used [0x000000079bc80000,0x00000007a597e4a0,0x00000007acb80000)
  to   space 278016K, 0% used [0x00000007af080000,0x00000007af080000,0x00000007c0000000)
 ParOldGen       total 329728K, used 56477K [0x00000006c1800000, 0x00000006d5a00000, 0x000000076b300000)
  object space 329728K, 17% used [0x00000006c1800000,0x00000006c4f27408,0x00000006d5a00000)
 Metaspace       used 117700K, capacity 121493K, committed 121648K, reserved 1157120K
  class space    used 13714K, capacity 14526K, committed 14640K, reserved 1048576K
}
Event: 1203.247 GC heap before
{Heap before GC invocations=43 (full 7):
 PSYoungGen      total 1073664K, used 956921K [0x000000076b300000, 0x00000007c0000000, 0x00000007c0000000)
  eden space 796160K, 100% used [0x000000076b300000,0x000000079bc80000,0x000000079bc80000)
  from space 277504K, 57% used [0x000000079bc80000,0x00000007a597e4a0,0x00000007acb80000)
  to   space 278016K, 0% used [0x00000007af080000,0x00000007af080000,0x00000007c0000000)
 ParOldGen       total 329728K, used 56477K [0x00000006c1800000, 0x00000006d5a00000, 0x000000076b300000)
  object space 329728K, 17% used [0x00000006c1800000,0x00000006c4f27408,0x00000006d5a00000)
 Metaspace       used 123532K, capacity 127569K, committed 127664K, reserved 1161216K
  class space    used 14368K, capacity 15206K, committed 15280K, reserved 1048576K
Event: 1203.489 GC heap after
Heap after GC invocations=43 (full 7):
 PSYoungGen      total 1096192K, used 76039K [0x000000076b300000, 0x00000007bf080000, 0x00000007c0000000)
  eden space 834048K, 0% used [0x000000076b300000,0x000000076b300000,0x000000079e180000)
  from space 262144K, 29% used [0x00000007af080000,0x00000007b3ac1e08,0x00000007bf080000)
  to   space 269824K, 0% used [0x000000079e180000,0x000000079e180000,0x00000007ae900000)
 ParOldGen       total 329728K, used 206097K [0x00000006c1800000, 0x00000006d5a00000, 0x000000076b300000)
  object space 329728K, 62% used [0x00000006c1800000,0x00000006ce144798,0x00000006d5a00000)
 Metaspace       used 123532K, capacity 127569K, committed 127664K, reserved 1161216K
  class space    used 14368K, capacity 15206K, committed 15280K, reserved 1048576K
}
Event: 1203.489 GC heap before
{Heap before GC invocations=44 (full 8):
 PSYoungGen      total 1096192K, used 76039K [0x000000076b300000, 0x00000007bf080000, 0x00000007c0000000)
  eden space 834048K, 0% used [0x000000076b300000,0x000000076b300000,0x000000079e180000)
  from space 262144K, 29% used [0x00000007af080000,0x00000007b3ac1e08,0x00000007bf080000)
  to   space 269824K, 0% used [0x000000079e180000,0x000000079e180000,0x00000007ae900000)
 ParOldGen       total 329728K, used 206097K [0x00000006c1800000, 0x00000006d5a00000, 0x000000076b300000)
  object space 329728K, 62% used [0x00000006c1800000,0x00000006ce144798,0x00000006d5a00000)
 Metaspace       used 123532K, capacity 127569K, committed 127664K, reserved 1161216K
  class space    used 14368K, capacity 15206K, committed 15280K, reserved 1048576K

