# JRE version: OpenJDK Runtime Environment (8.0_152) (build 1.8.0_152-release-1343-b16-5323222)
# Java VM: OpenJDK 64-Bit Server VM (25.152-b16-5323222 mixed mode linux-amd64 compressed oops)
Heap:
 PSYoungGen      total 1148416K, used 0K [0x000000076b300000, 0x00000007be500000, 0x00000007c0000000)
  eden space 993792K, 0% used [0x000000076b300000,0x000000076b300000,0x00000007a7d80000)
  from space 154624K, 0% used [0x00000007b2300000,0x00000007b2300000,0x00000007bba00000)
  to   space 169472K, 0% used [0x00000007a7d80000,0x00000007a7d80000,0x00000007b2300000)
 ParOldGen       total 383488K, used 345211K [0x00000006c1800000, 0x00000006d8e80000, 0x000000076b300000)
  object space 383488K, 90% used [0x00000006c1800000,0x00000006d691eea8,0x00000006d8e80000)
 Metaspace       used 120505K, capacity 124384K, committed 124456K, reserved 1159168K
  class space    used 14254K, capacity 15129K, committed 15152K, reserved 1048576K
GC Heap History (10 events):
Event: 325.685 GC heap after
Heap after GC invocations=41 (full 7):
 PSYoungGen      total 916992K, used 0K [0x000000076b300000, 0x00000007ac400000, 0x00000007c0000000)
  eden space 796672K, 0% used [0x000000076b300000,0x000000076b300000,0x000000079bd00000)
  from space 120320K, 0% used [0x00000007a4e80000,0x00000007a4e80000,0x00000007ac400000)
  to   space 134656K, 0% used [0x000000079bd00000,0x000000079bd00000,0x00000007a4080000)
 ParOldGen       total 383488K, used 58157K [0x00000006c1800000, 0x00000006d8e80000, 0x000000076b300000)
  object space 383488K, 15% used [0x00000006c1800000,0x00000006c50cb7d8,0x00000006d8e80000)
 Metaspace       used 102821K, capacity 105974K, committed 106152K, reserved 1142784K
  class space    used 12167K, capacity 12886K, committed 12976K, reserved 1048576K
}
Event: 484.224 GC heap before
{Heap before GC invocations=42 (full 7):
 PSYoungGen      total 916992K, used 796672K [0x000000076b300000, 0x00000007ac400000, 0x00000007c0000000)
  eden space 796672K, 100% used [0x000000076b300000,0x000000079bd00000,0x000000079bd00000)
  from space 120320K, 0% used [0x00000007a4e80000,0x00000007a4e80000,0x00000007ac400000)
  to   space 134656K, 0% used [0x000000079bd00000,0x000000079bd00000,0x00000007a4080000)
 ParOldGen       total 383488K, used 58157K [0x00000006c1800000, 0x00000006d8e80000, 0x000000076b300000)
  object space 383488K, 15% used [0x00000006c1800000,0x00000006c50cb7d8,0x00000006d8e80000)
 Metaspace       used 105384K, capacity 108702K, committed 108968K, reserved 1144832K
  class space    used 12375K, capacity 13176K, committed 13232K, reserved 1048576K
Event: 484.412 GC heap after
Heap after GC invocations=42 (full 7):
 PSYoungGen      total 931328K, used 134642K [0x000000076b300000, 0x00000007b6c80000, 0x00000007c0000000)
  eden space 796672K, 0% used [0x000000076b300000,0x000000076b300000,0x000000079bd00000)
  from space 134656K, 99% used [0x000000079bd00000,0x00000007a407cb10,0x00000007a4080000)
  to   space 163840K, 0% used [0x00000007acc80000,0x00000007acc80000,0x00000007b6c80000)
 ParOldGen       total 383488K, used 69429K [0x00000006c1800000, 0x00000006d8e80000, 0x000000076b300000)
  object space 383488K, 18% used [0x00000006c1800000,0x00000006c5bcd5c8,0x00000006d8e80000)
 Metaspace       used 105384K, capacity 108702K, committed 108968K, reserved 1144832K
  class space    used 12375K, capacity 13176K, committed 13232K, reserved 1048576K
}
Event: 502.354 GC heap before
{Heap before GC invocations=43 (full 7):
 PSYoungGen      total 931328K, used 931314K [0x000000076b300000, 0x00000007b6c80000, 0x00000007c0000000)
  eden space 796672K, 100% used [0x000000076b300000,0x000000079bd00000,0x000000079bd00000)
  from space 134656K, 99% used [0x000000079bd00000,0x00000007a407cb10,0x00000007a4080000)
  to   space 163840K, 0% used [0x00000007acc80000,0x00000007acc80000,0x00000007b6c80000)
 ParOldGen       total 383488K, used 69429K [0x00000006c1800000, 0x00000006d8e80000, 0x000000076b300000)
  object space 383488K, 18% used [0x00000006c1800000,0x00000006c5bcd5c8,0x00000006d8e80000)
 Metaspace       used 115489K, capacity 119326K, committed 119592K, reserved 1155072K
  class space    used 13707K, capacity 14582K, committed 14640K, reserved 1048576K
Event: 502.588 GC heap after
Heap after GC invocations=43 (full 7):
 PSYoungGen      total 1040896K, used 27937K [0x000000076b300000, 0x00000007b5580000, 0x00000007c0000000)
  eden space 900608K, 0% used [0x000000076b300000,0x000000076b300000,0x00000007a2280000)
  from space 140288K, 19% used [0x00000007acc80000,0x00000007ae7c8590,0x00000007b5580000)
  to   space 157184K, 0% used [0x00000007a2280000,0x00000007a2280000,0x00000007abc00000)
 ParOldGen       total 383488K, used 199598K [0x00000006c1800000, 0x00000006d8e80000, 0x000000076b300000)
  object space 383488K, 52% used [0x00000006c1800000,0x00000006cdaeb920,0x00000006d8e80000)
 Metaspace       used 115489K, capacity 119326K, committed 119592K, reserved 1155072K
  class space    used 13707K, capacity 14582K, committed 14640K, reserved 1048576K
}
Event: 528.378 GC heap before
{Heap before GC invocations=44 (full 7):
 PSYoungGen      total 1040896K, used 928545K [0x000000076b300000, 0x00000007b5580000, 0x00000007c0000000)
  eden space 900608K, 100% used [0x000000076b300000,0x00000007a2280000,0x00000007a2280000)
  from space 140288K, 19% used [0x00000007acc80000,0x00000007ae7c8590,0x00000007b5580000)
  to   space 157184K, 0% used [0x00000007a2280000,0x00000007a2280000,0x00000007abc00000)
 ParOldGen       total 383488K, used 199598K [0x00000006c1800000, 0x00000006d8e80000, 0x000000076b300000)
  object space 383488K, 52% used [0x00000006c1800000,0x00000006cdaeb920,0x00000006d8e80000)
 Metaspace       used 120485K, capacity 124384K, committed 124456K, reserved 1159168K
  class space    used 14253K, capacity 15129K, committed 15152K, reserved 1048576K
Event: 528.776 GC heap after
Heap after GC invocations=44 (full 7):
 PSYoungGen      total 1057792K, used 73424K [0x000000076b300000, 0x00000007bba00000, 0x00000007c0000000)
  eden space 900608K, 0% used [0x000000076b300000,0x000000076b300000,0x00000007a2280000)
  from space 157184K, 46% used [0x00000007a2280000,0x00000007a6a34258,0x00000007abc00000)
  to   space 154624K, 0% used [0x00000007b2300000,0x00000007b2300000,0x00000007bba00000)
 ParOldGen       total 383488K, used 210736K [0x00000006c1800000, 0x00000006d8e80000, 0x000000076b300000)
  object space 383488K, 54% used [0x00000006c1800000,0x00000006ce5cc018,0x00000006d8e80000)
 Metaspace       used 120485K, capacity 124384K, committed 124456K, reserved 1159168K
  class space    used 14253K, capacity 15129K, committed 15152K, reserved 1048576K
}
Event: 532.783 GC heap before
{Heap before GC invocations=45 (full 7):
 PSYoungGen      total 1057792K, used 974032K [0x000000076b300000, 0x00000007bba00000, 0x00000007c0000000)
  eden space 900608K, 100% used [0x000000076b300000,0x00000007a2280000,0x00000007a2280000)
  from space 157184K, 46% used [0x00000007a2280000,0x00000007a6a34258,0x00000007abc00000)
  to   space 154624K, 0% used [0x00000007b2300000,0x00000007b2300000,0x00000007bba00000)
 ParOldGen       total 383488K, used 210736K [0x00000006c1800000, 0x00000006d8e80000, 0x000000076b300000)
  object space 383488K, 54% used [0x00000006c1800000,0x00000006ce5cc018,0x00000006d8e80000)
 Metaspace       used 120505K, capacity 124384K, committed 124456K, reserved 1159168K
  class space    used 14254K, capacity 15129K, committed 15152K, reserved 1048576K
Event: 533.054 GC heap after
Heap after GC invocations=45 (full 7):
 PSYoungGen      total 1148416K, used 121084K [0x000000076b300000, 0x00000007be500000, 0x00000007c0000000)
  eden space 993792K, 0% used [0x000000076b300000,0x000000076b300000,0x00000007a7d80000)
  from space 154624K, 78% used [0x00000007b2300000,0x00000007b993f2c8,0x00000007bba00000)
  to   space 169472K, 0% used [0x00000007a7d80000,0x00000007a7d80000,0x00000007b2300000)
 ParOldGen       total 383488K, used 274688K [0x00000006c1800000, 0x00000006d8e80000, 0x000000076b300000)
  object space 383488K, 71% used [0x00000006c1800000,0x00000006d24401a0,0x00000006d8e80000)
 Metaspace       used 120505K, capacity 124384K, committed 124456K, reserved 1159168K
  class space    used 14254K, capacity 15129K, committed 15152K, reserved 1048576K
}
Event: 533.054 GC heap before
{Heap before GC invocations=46 (full 8):
 PSYoungGen      total 1148416K, used 121084K [0x000000076b300000, 0x00000007be500000, 0x00000007c0000000)
  eden space 993792K, 0% used [0x000000076b300000,0x000000076b300000,0x00000007a7d80000)
  from space 154624K, 78% used [0x00000007b2300000,0x00000007b993f2c8,0x00000007bba00000)
  to   space 169472K, 0% used [0x00000007a7d80000,0x00000007a7d80000,0x00000007b2300000)
 ParOldGen       total 383488K, used 274688K [0x00000006c1800000, 0x00000006d8e80000, 0x000000076b300000)
  object space 383488K, 71% used [0x00000006c1800000,0x00000006d24401a0,0x00000006d8e80000)
 Metaspace       used 120505K, capacity 124384K, committed 124456K, reserved 1159168K
  class space    used 14254K, capacity 15129K, committed 15152K, reserved 1048576K

