# JRE version: OpenJDK Runtime Environment (8.0_152) (build 1.8.0_152-release-1343-b16-5323222)
# Java VM: OpenJDK 64-Bit Server VM (25.152-b16-5323222 mixed mode linux-amd64 compressed oops)
Heap:
 PSYoungGen      total 952320K, used 160231K [0x000000076b300000, 0x00000007afb00000, 0x00000007c0000000)
  eden space 792064K, 0% used [0x000000076b300000,0x000000076b300000,0x000000079b880000)
  from space 160256K, 99% used [0x000000079b880000,0x00000007a54f9e70,0x00000007a5500000)
  to   space 141312K, 0% used [0x00000007a5500000,0x00000007a5500000,0x00000007adf00000)
 ParOldGen       total 405504K, used 215453K [0x00000006c1800000, 0x00000006da400000, 0x000000076b300000)
  object space 405504K, 53% used [0x00000006c1800000,0x00000006cea674b8,0x00000006da400000)
 Metaspace       used 97623K, capacity 100597K, committed 100904K, reserved 1138688K
  class space    used 11576K, capacity 12242K, committed 12336K, reserved 1048576K
GC Heap History (10 events):
Event: 357.239 GC heap after
Heap after GC invocations=29 (full 6):
 PSYoungGen      total 710656K, used 109545K [0x000000076b300000, 0x00000007a7700000, 0x00000007c0000000)
  eden space 601088K, 0% used [0x000000076b300000,0x000000076b300000,0x000000078fe00000)
  from space 109568K, 99% used [0x000000078fe00000,0x00000007968fa708,0x0000000796900000)
  to   space 142848K, 0% used [0x000000079eb80000,0x000000079eb80000,0x00000007a7700000)
 ParOldGen       total 473600K, used 372610K [0x00000006c1800000, 0x00000006de680000, 0x000000076b300000)
  object space 473600K, 78% used [0x00000006c1800000,0x00000006d83e08b0,0x00000006de680000)
 Metaspace       used 82120K, capacity 84529K, committed 84776K, reserved 1124352K
  class space    used 9669K, capacity 10248K, committed 10288K, reserved 1048576K
}
Event: 365.177 GC heap before
{Heap before GC invocations=30 (full 6):
 PSYoungGen      total 710656K, used 710633K [0x000000076b300000, 0x00000007a7700000, 0x00000007c0000000)
  eden space 601088K, 100% used [0x000000076b300000,0x000000078fe00000,0x000000078fe00000)
  from space 109568K, 99% used [0x000000078fe00000,0x00000007968fa708,0x0000000796900000)
  to   space 142848K, 0% used [0x000000079eb80000,0x000000079eb80000,0x00000007a7700000)
 ParOldGen       total 473600K, used 372610K [0x00000006c1800000, 0x00000006de680000, 0x000000076b300000)
  object space 473600K, 78% used [0x00000006c1800000,0x00000006d83e08b0,0x00000006de680000)
 Metaspace       used 92602K, capacity 95599K, committed 95656K, reserved 1132544K
  class space    used 11012K, capacity 11689K, committed 11696K, reserved 1048576K
Event: 365.439 GC heap after
Heap after GC invocations=30 (full 6):
 PSYoungGen      total 824832K, used 11089K [0x000000076b300000, 0x00000007a6b80000, 0x00000007c0000000)
  eden space 693760K, 0% used [0x000000076b300000,0x000000076b300000,0x0000000795880000)
  from space 131072K, 8% used [0x000000079eb80000,0x000000079f654420,0x00000007a6b80000)
  to   space 140800K, 0% used [0x0000000795880000,0x0000000795880000,0x000000079e200000)
 ParOldGen       total 482304K, used 482213K [0x00000006c1800000, 0x00000006def00000, 0x000000076b300000)
  object space 482304K, 99% used [0x00000006c1800000,0x00000006deee94f0,0x00000006def00000)
 Metaspace       used 92602K, capacity 95599K, committed 95656K, reserved 1132544K
  class space    used 11012K, capacity 11689K, committed 11696K, reserved 1048576K
}
Event: 365.439 GC heap before
{Heap before GC invocations=31 (full 7):
 PSYoungGen      total 824832K, used 11089K [0x000000076b300000, 0x00000007a6b80000, 0x00000007c0000000)
  eden space 693760K, 0% used [0x000000076b300000,0x000000076b300000,0x0000000795880000)
  from space 131072K, 8% used [0x000000079eb80000,0x000000079f654420,0x00000007a6b80000)
  to   space 140800K, 0% used [0x0000000795880000,0x0000000795880000,0x000000079e200000)
 ParOldGen       total 482304K, used 482213K [0x00000006c1800000, 0x00000006def00000, 0x000000076b300000)
  object space 482304K, 99% used [0x00000006c1800000,0x00000006deee94f0,0x00000006def00000)
 Metaspace       used 92602K, capacity 95599K, committed 95656K, reserved 1132544K
  class space    used 11012K, capacity 11689K, committed 11696K, reserved 1048576K
Event: 366.782 GC heap after
Heap after GC invocations=31 (full 7):
 PSYoungGen      total 824832K, used 0K [0x000000076b300000, 0x00000007a6b80000, 0x00000007c0000000)
  eden space 693760K, 0% used [0x000000076b300000,0x000000076b300000,0x0000000795880000)
  from space 131072K, 0% used [0x000000079eb80000,0x000000079eb80000,0x00000007a6b80000)
  to   space 140800K, 0% used [0x0000000795880000,0x0000000795880000,0x000000079e200000)
 ParOldGen       total 405504K, used 182951K [0x00000006c1800000, 0x00000006da400000, 0x000000076b300000)
  object space 405504K, 45% used [0x00000006c1800000,0x00000006ccaa9f58,0x00000006da400000)
 Metaspace       used 92602K, capacity 95599K, committed 95656K, reserved 1132544K
  class space    used 11012K, capacity 11689K, committed 11696K, reserved 1048576K
}
Event: 371.306 GC heap before
{Heap before GC invocations=32 (full 7):
 PSYoungGen      total 824832K, used 693760K [0x000000076b300000, 0x00000007a6b80000, 0x00000007c0000000)
  eden space 693760K, 100% used [0x000000076b300000,0x0000000795880000,0x0000000795880000)
  from space 131072K, 0% used [0x000000079eb80000,0x000000079eb80000,0x00000007a6b80000)
  to   space 140800K, 0% used [0x0000000795880000,0x0000000795880000,0x000000079e200000)
 ParOldGen       total 405504K, used 182951K [0x00000006c1800000, 0x00000006da400000, 0x000000076b300000)
  object space 405504K, 45% used [0x00000006c1800000,0x00000006ccaa9f58,0x00000006da400000)
 Metaspace       used 97278K, capacity 100219K, committed 100264K, reserved 1136640K
  class space    used 11547K, capacity 12201K, committed 12208K, reserved 1048576K
Event: 371.501 GC heap after
Heap after GC invocations=32 (full 7):
 PSYoungGen      total 834560K, used 75097K [0x000000076b300000, 0x00000007adf00000, 0x00000007c0000000)
  eden space 693760K, 0% used [0x000000076b300000,0x000000076b300000,0x0000000795880000)
  from space 140800K, 53% used [0x0000000795880000,0x000000079a1d66a0,0x000000079e200000)
  to   space 141312K, 0% used [0x00000007a5500000,0x00000007a5500000,0x00000007adf00000)
 ParOldGen       total 405504K, used 182959K [0x00000006c1800000, 0x00000006da400000, 0x000000076b300000)
  object space 405504K, 45% used [0x00000006c1800000,0x00000006ccaabf58,0x00000006da400000)
 Metaspace       used 97278K, capacity 100219K, committed 100264K, reserved 1136640K
  class space    used 11547K, capacity 12201K, committed 12208K, reserved 1048576K
}
Event: 372.932 GC heap before
{Heap before GC invocations=33 (full 7):
 PSYoungGen      total 834560K, used 768857K [0x000000076b300000, 0x00000007adf00000, 0x00000007c0000000)
  eden space 693760K, 100% used [0x000000076b300000,0x0000000795880000,0x0000000795880000)
  from space 140800K, 53% used [0x0000000795880000,0x000000079a1d66a0,0x000000079e200000)
  to   space 141312K, 0% used [0x00000007a5500000,0x00000007a5500000,0x00000007adf00000)
 ParOldGen       total 405504K, used 182959K [0x00000006c1800000, 0x00000006da400000, 0x000000076b300000)
  object space 405504K, 45% used [0x00000006c1800000,0x00000006ccaabf58,0x00000006da400000)
 Metaspace       used 97298K, capacity 100283K, committed 100520K, reserved 1138688K
  class space    used 11548K, capacity 12201K, committed 12208K, reserved 1048576K
Event: 373.170 GC heap after
Heap after GC invocations=33 (full 7):
 PSYoungGen      total 933376K, used 126447K [0x000000076b300000, 0x00000007afb00000, 0x00000007c0000000)
  eden space 792064K, 0% used [0x000000076b300000,0x000000076b300000,0x000000079b880000)
  from space 141312K, 89% used [0x00000007a5500000,0x00000007ad07bec0,0x00000007adf00000)
  to   space 160256K, 0% used [0x000000079b880000,0x000000079b880000,0x00000007a5500000)
 ParOldGen       total 405504K, used 182967K [0x00000006c1800000, 0x00000006da400000, 0x000000076b300000)
  object space 405504K, 45% used [0x00000006c1800000,0x00000006ccaadf58,0x00000006da400000)
 Metaspace       used 97298K, capacity 100283K, committed 100520K, reserved 1138688K
  class space    used 11548K, capacity 12201K, committed 12208K, reserved 1048576K
}
Event: 395.093 GC heap before
{Heap before GC invocations=34 (full 7):
 PSYoungGen      total 933376K, used 918511K [0x000000076b300000, 0x00000007afb00000, 0x00000007c0000000)
  eden space 792064K, 100% used [0x000000076b300000,0x000000079b880000,0x000000079b880000)
  from space 141312K, 89% used [0x00000007a5500000,0x00000007ad07bec0,0x00000007adf00000)
  to   space 160256K, 0% used [0x000000079b880000,0x000000079b880000,0x00000007a5500000)
 ParOldGen       total 405504K, used 182967K [0x00000006c1800000, 0x00000006da400000, 0x000000076b300000)
  object space 405504K, 45% used [0x00000006c1800000,0x00000006ccaadf58,0x00000006da400000)
 Metaspace       used 97623K, capacity 100597K, committed 100904K, reserved 1138688K
  class space    used 11576K, capacity 12242K, committed 12336K, reserved 1048576K

